0 info it worked if it ends with ok
1 verbose cli [ '/home/kyle/Desktop/node/bin/node',
1 verbose cli   '/home/kyle/Desktop/node/bin/npm',
1 verbose cli   'run',
1 verbose cli   'build' ]
2 info using npm@2.15.9
3 info using node@v4.6.0
4 verbose run-script [ 'prebuild', 'build', 'postbuild' ]
5 info prebuild nightlife_coordination_app@1.0.0
6 info build nightlife_coordination_app@1.0.0
7 verbose unsafe-perm in lifecycle true
8 info nightlife_coordination_app@1.0.0 Failed to exec build script
9 verbose stack Error: nightlife_coordination_app@1.0.0 build: `babel src -d /public/js`
9 verbose stack Exit status 2
9 verbose stack     at EventEmitter.<anonymous> (/home/kyle/Desktop/node/lib/node_modules/npm/lib/utils/lifecycle.js:217:16)
9 verbose stack     at emitTwo (events.js:87:13)
9 verbose stack     at EventEmitter.emit (events.js:172:7)
9 verbose stack     at ChildProcess.<anonymous> (/home/kyle/Desktop/node/lib/node_modules/npm/lib/utils/spawn.js:24:14)
9 verbose stack     at emitTwo (events.js:87:13)
9 verbose stack     at ChildProcess.emit (events.js:172:7)
9 verbose stack     at maybeClose (internal/child_process.js:829:16)
9 verbose stack     at Process.ChildProcess._handle.onexit (internal/child_process.js:211:5)
10 verbose pkgid nightlife_coordination_app@1.0.0
11 verbose cwd /home/kyle/Documents/freecodecamp/nightlife/public/js
12 error Linux 3.16.0-38-generic
13 error argv "/home/kyle/Desktop/node/bin/node" "/home/kyle/Desktop/node/bin/npm" "run" "build"
14 error node v4.6.0
15 error npm  v2.15.9
16 error code ELIFECYCLE
17 error nightlife_coordination_app@1.0.0 build: `babel src -d /public/js`
17 error Exit status 2
18 error Failed at the nightlife_coordination_app@1.0.0 build script 'babel src -d /public/js'.
18 error This is most likely a problem with the nightlife_coordination_app package,
18 error not with npm itself.
18 error Tell the author that this fails on your system:
18 error     babel src -d /public/js
18 error You can get information on how to open an issue for this project with:
18 error     npm bugs nightlife_coordination_app
18 error Or if that isn't available, you can get their info via:
18 error
18 error     npm owner ls nightlife_coordination_app
18 error There is likely additional logging output above.
19 verbose exit [ 1, true ]
